c:\github\opengl\x64\debug\vc143.pdb
c:\github\opengl\x64\debug\vc143.idb
c:\github\opengl\x64\debug\glad.obj
c:\github\opengl\x64\debug\main.obj
c:\github\opengl\x64\debug\opengl.exe
c:\github\opengl\x64\debug\opengl.ilk
c:\github\opengl\x64\debug\opengl.pdb
d:\github\opengl\x64\debug\glad.obj
d:\github\opengl\x64\debug\main.obj
d:\github\opengl\x64\debug\opengl.ilk
d:\github\opengl\x64\debug\vc142.idb
d:\github\opengl\x64\debug\vc143.idb
d:\github\opengl\x64\debug\opengl.pdb
d:\github\opengl\x64\debug\vc143.pdb
d:\github\opengl\x64\debug\opengl.exe
d:\github\opengl\x64\debug\opengl.tlog\cl.command.1.tlog
d:\github\opengl\x64\debug\opengl.tlog\cl.read.1.tlog
d:\github\opengl\x64\debug\opengl.tlog\cl.write.1.tlog
d:\github\opengl\x64\debug\opengl.tlog\link.command.1.tlog
d:\github\opengl\x64\debug\opengl.tlog\link.read.1.tlog
d:\github\opengl\x64\debug\opengl.tlog\link.write.1.tlog
